#
# A fatal error has been detected by the Java Runtime Environment:
#
#  SIGSEGV (0xb) at pc=0x000000010a0fc504, pid=16831, tid=259
#
# JRE version: OpenJDK Runtime Environment Temurin-17.0.7+7 (17.0.7+7) (build 17.0.7+7)
# Java VM: OpenJDK 64-Bit Server VM Temurin-17.0.7+7 (17.0.7+7, mixed mode, tiered, compressed oops, compressed class ptrs, g1 gc, bsd-aarch64)
# Problematic frame:
# V  [libjvm.dylib+0x8f0504]  SR_handler(int, __siginfo*, __darwin_ucontext*)+0x54
#
# No core dump will be written. Core dumps have been disabled. To enable core dumping, try "ulimit -c unlimited" before starting Java again
#
# If you would like to submit a bug report, please visit:
#   https://github.com/adoptium/adoptium-support/issues
#

---------------  S U M M A R Y ------------

Command Line: /Users/jenkins/.dogu/externals/selenium/selenium-server.jar standalone --version

Host: "Mac14,7" arm64, 8 cores, 16G, Darwin 22.1.0, macOS 13.0 (22A380)
Time: Thu Oct 12 17:58:29 2023 KST elapsed time: 0.304940 seconds (0d 0h 0m 0s)

---------------  T H R E A D  ---------------

Current thread is native thread

Stack: [0x000000016b58c000,0x000000016bd88000],  sp=0x000000016bd842c0,  free space=8160k
Native frames: (J=compiled Java code, j=interpreted, Vv=VM code, C=native code)
V  [libjvm.dylib+0x8f0504]  SR_handler(int, __siginfo*, __darwin_ucontext*)+0x54
C  [libsystem_platform.dylib+0x42a4]  _sigtramp+0x38
C  [libsystem_kernel.dylib+0x128d8]  mach_msg2_internal+0x50
C  [libsystem_kernel.dylib+0x9638]  mach_msg_overwrite+0x21c
C  [libsystem_kernel.dylib+0x116c]  mach_msg+0x18
C  [CoreFoundation+0x81bdc]  __CFRunLoopServiceMachPort+0xa0
C  [CoreFoundation+0x804c8]  __CFRunLoopRun+0x4d0
C  [CoreFoundation+0x7f8a4]  CFRunLoopRunSpecific+0x264
C  [libjli.dylib+0x70f8]  CreateExecutionEnvironment+0x190
C  [libjli.dylib+0x34f4]  JLI_Launch+0x4bc
C  [java+0x3bb0]  main+0x198
C  [dyld+0x5e50]  start+0x9f0


siginfo: si_signo: 11 (SIGSEGV), si_code: 2 (SEGV_ACCERR), si_addr: 0x0000000000000260

Registers:
 x0=0x0000000000000000  x1=0x0000000000000000  x2=0x0000000000000000  x3=0x000000016bd84340
 x4=0x000000016bd843a8  x5=0x1ae8ef5a0f52aa00  x6=0x0000000000000002  x7=0x00000000ffffffff
 x8=0x00000001e49625e0  x9=0x00000001e496c9c0 x10=0x0000000000000e03 x11=0x0000000000000000
x12=0x0000000000000c00 x13=0x0000000000000e03 x14=0x00000000ffffffff x15=0x0000000000000000
x16=0x0000000189298e9c x17=0x00000001e97b09d8 x18=0x0000000000000000 x19=0x1ae8ef5a0f52aa00
x20=0x000000016bd843a8 x21=0x000000016bd84340 x22=0x0000000000000001 x23=0x00000e0300000000
x24=0x000000016bd84878 x25=0x0000000200000000 x26=0x0000000507000806 x27=0x0000000507000806
x28=0x0000000107000806  fp=0x000000016bd84300  lr=0x000000010a0fc504  sp=0x000000016bd842c0
pc=0x000000010a0fc504 cpsr=0x0000000000001000
Top of Stack: (sp=0x000000016bd842c0)
0x000000016bd842c0:   000000019100a000 0000069894b20000
0x000000016bd842d0:   000000016bd84878 00000e0300000000
0x000000016bd842e0:   0000000028973c10 00000001e4975000
0x000000016bd842f0:   000000016bd843a8 1ae8ef5a0f52aa00
0x000000016bd84300:   000000016bd84330 00000001892cc2a4
0x000000016bd84310:   0000000028973c10 00000e0300000000
0x000000016bd84320:   0000000000000002 00000000ffffffff
0x000000016bd84330:   000000016bd847e0 3e208001892708d8
0x000000016bd84340:   000000000000001f 000041e300000000
0x000000016bd84350:   0000001f000001f5 000000018925edf0
0x000000016bd84360:   0000000000000000 0000000000000000
0x000000016bd84370:   0000000000000000 0000000000000000
0x000000016bd84380:   0000000000000000 0000000000000000
0x000000016bd84390:   0000000000000000 0000000000000000
0x000000016bd843a0:   0000000000000000 0000000000000000
0x000000016bd843b0:   000000016bd84340 0000000000000000
0x000000016bd843c0:   0000000000000000 0000000000000000
0x000000016bd843d0:   0000000000000330 000000016bd843e0
0x000000016bd843e0:   0000000107804020 0000000056000080
0x000000016bd843f0:   0000000010004005 0000000507000806
0x000000016bd84400:   0000000200000000 00000e0300000000
0x000000016bd84410:   0000000028973c10 00000e0300000000
0x000000016bd84420:   0000000000000002 00000000ffffffff
0x000000016bd84430:   fffffffffffffbbf 0000000000000000
0x000000016bd84440:   0000000000000e03 0000000000000000
0x000000016bd84450:   0000000000000c00 0000000000000e03
0x000000016bd84460:   00000000ffffffff 0000000000000000
0x000000016bd84470:   ffffffffffffffd1 00000001e58e21d0
0x000000016bd84480:   0000000000000000 00000000ffffffff
0x000000016bd84490:   0000000000000002 00000e0300000000
0x000000016bd844a0:   0000000028973c10 00000e0300000000
0x000000016bd844b0:   000000016bd84878 0000000200000000 

Instructions: (pc=0x000000010a0fc504)
0x000000010a0fc404:   b9002fe8 10000548 d503201f f90013e8
0x000000010a0fc414:   910083e8 91002102 52800020 d2800001
0x000000010a0fc424:   94067cec b9402be8 1280d309 0a090108
0x000000010a0fc434:   b9002be8 b94e9260 910083e1 d2800002
0x000000010a0fc444:   94067d26 3100041f 54000280 b94e9274
0x000000010a0fc454:   51000688 90001ed5 913002b5 7100791f
0x000000010a0fc464:   54000148 52800200 52800101 52800002
0x000000010a0fc474:   97e0ce69 8b140ea8 f9007500 3dc00be0
0x000000010a0fc484:   3d800000 b94e9274 52800000 8b34c2a8
0x000000010a0fc494:   52800029 39010109 a9457bfd a9444ff4
0x000000010a0fc4a4:   a94357f6 910183ff d65f03c0 d10143ff
0x000000010a0fc4b4:   a9015ff8 a90257f6 a9034ff4 a9047bfd
0x000000010a0fc4c4:   910103fd aa0203f4 aa0103f5 94067b05
0x000000010a0fc4d4:   b9400016 5280d308 b9000fe8 910033e1
0x000000010a0fc4e4:   52800040 d2800002 94067cba 94031a04
0x000000010a0fc4f4:   aa0003e8 d2800000 34000048 94031a06
0x000000010a0fc504:   f9413008 b4000808 f9411417 aa1703f3
0x000000010a0fc514:   b842ce68 7100051f 54000721 f8030ef5
0x000000010a0fc524:   f90006f4 aa1303e0 52800021 52800042
0x000000010a0fc534:   97fb62e4 34000620 7100081f 540004a1
0x000000010a0fc544:   b9000bff 52800034 910023e2 52800020
0x000000010a0fc554:   d2800001 94067c9f b0001a68 b94e9108
0x000000010a0fc564:   51000509 1ac92289 7100811f 12800008
0x000000010a0fc574:   5a89c108 b9400be9 0a090108 b9000be8
0x000000010a0fc584:   90001ec0 91303000 52800021 97fda686
0x000000010a0fc594:   f0001174 91121294 910023e0 94067cd8
0x000000010a0fc5a4:   aa1303e0 52800061 52800002 97fb62c5
0x000000010a0fc5b4:   7100081f 54ffff20 34000180 aa1403e0
0x000000010a0fc5c4:   5280ce21 97e753d3 97fb6696 17fffff3
0x000000010a0fc5d4:   f0001160 91121000 5280cf01 97e753cd
0x000000010a0fc5e4:   97fb6690 14000005 90001ec0 91303000
0x000000010a0fc5f4:   52800021 97fda66c a9007eff 94067ab9 



---------------  P R O C E S S  ---------------

VM state: not at safepoint (normal execution)

VM Mutex/Monitor currently owned by a thread: None

Heap address: 0x0000000700000000, size: 4096 MB, Compressed Oops mode: Zero based, Oop shift amount: 3

CDS archive(s) not mapped
Compressed class space mapped at: 0x0000000800000000-0x0000000840000000, reserved size: 1073741824
Narrow klass base: 0x0000000800000000, Narrow klass shift: 0, Narrow klass range: 0x40000000

GC Precious Log:
<Skipped>

Heap:
 garbage-first heap   total 262144K, used 11631K [0x0000000700000000, 0x0000000800000000)
  region size 2048K, 4 young (8192K), 0 survivors (0K)
 Metaspace       used 9448K, committed 9600K, reserved 1114112K
  class space    used 894K, committed 960K, reserved 1048576K

Heap Regions: E=young(eden), S=young(survivor), O=old, HS=humongous(starts), HC=humongous(continues), CS=collection set, F=free, OA=open archive, CA=closed archive, TAMS=top-at-mark-start (previous, next)
|   0|0x0000000700000000, 0x0000000700200000, 0x0000000700200000|100%|HS|  |TAMS 0x0000000700000000, 0x0000000700000000| Complete 
|   1|0x0000000700200000, 0x0000000700400000, 0x0000000700400000|100%|HS|  |TAMS 0x0000000700200000, 0x0000000700200000| Complete 
|   2|0x0000000700400000, 0x0000000700400000, 0x0000000700600000|  0%| F|  |TAMS 0x0000000700400000, 0x0000000700400000| Untracked 
|   3|0x0000000700600000, 0x0000000700600000, 0x0000000700800000|  0%| F|  |TAMS 0x0000000700600000, 0x0000000700600000| Untracked 
|   4|0x0000000700800000, 0x0000000700800000, 0x0000000700a00000|  0%| F|  |TAMS 0x0000000700800000, 0x0000000700800000| Untracked 
|   5|0x0000000700a00000, 0x0000000700a00000, 0x0000000700c00000|  0%| F|  |TAMS 0x0000000700a00000, 0x0000000700a00000| Untracked 
|   6|0x0000000700c00000, 0x0000000700c00000, 0x0000000700e00000|  0%| F|  |TAMS 0x0000000700c00000, 0x0000000700c00000| Untracked 
|   7|0x0000000700e00000, 0x0000000700e00000, 0x0000000701000000|  0%| F|  |TAMS 0x0000000700e00000, 0x0000000700e00000| Untracked 
|   8|0x0000000701000000, 0x0000000701000000, 0x0000000701200000|  0%| F|  |TAMS 0x0000000701000000, 0x0000000701000000| Untracked 
|   9|0x0000000701200000, 0x0000000701200000, 0x0000000701400000|  0%| F|  |TAMS 0x0000000701200000, 0x0000000701200000| Untracked 
|  10|0x0000000701400000, 0x0000000701400000, 0x0000000701600000|  0%| F|  |TAMS 0x0000000701400000, 0x0000000701400000| Untracked 
|  11|0x0000000701600000, 0x0000000701600000, 0x0000000701800000|  0%| F|  |TAMS 0x0000000701600000, 0x0000000701600000| Untracked 
|  12|0x0000000701800000, 0x0000000701800000, 0x0000000701a00000|  0%| F|  |TAMS 0x0000000701800000, 0x0000000701800000| Untracked 
|  13|0x0000000701a00000, 0x0000000701a00000, 0x0000000701c00000|  0%| F|  |TAMS 0x0000000701a00000, 0x0000000701a00000| Untracked 
|  14|0x0000000701c00000, 0x0000000701c00000, 0x0000000701e00000|  0%| F|  |TAMS 0x0000000701c00000, 0x0000000701c00000| Untracked 
|  15|0x0000000701e00000, 0x0000000701e00000, 0x0000000702000000|  0%| F|  |TAMS 0x0000000701e00000, 0x0000000701e00000| Untracked 
|  16|0x0000000702000000, 0x0000000702000000, 0x0000000702200000|  0%| F|  |TAMS 0x0000000702000000, 0x0000000702000000| Untracked 
|  17|0x0000000702200000, 0x0000000702200000, 0x0000000702400000|  0%| F|  |TAMS 0x0000000702200000, 0x0000000702200000| Untracked 
|  18|0x0000000702400000, 0x0000000702400000, 0x0000000702600000|  0%| F|  |TAMS 0x0000000702400000, 0x0000000702400000| Untracked 
|  19|0x0000000702600000, 0x0000000702600000, 0x0000000702800000|  0%| F|  |TAMS 0x0000000702600000, 0x0000000702600000| Untracked 
|  20|0x0000000702800000, 0x0000000702800000, 0x0000000702a00000|  0%| F|  |TAMS 0x0000000702800000, 0x0000000702800000| Untracked 
|  21|0x0000000702a00000, 0x0000000702a00000, 0x0000000702c00000|  0%| F|  |TAMS 0x0000000702a00000, 0x0000000702a00000| Untracked 
|  22|0x0000000702c00000, 0x0000000702c00000, 0x0000000702e00000|  0%| F|  |TAMS 0x0000000702c00000, 0x0000000702c00000| Untracked 
|  23|0x0000000702e00000, 0x0000000702e00000, 0x0000000703000000|  0%| F|  |TAMS 0x0000000702e00000, 0x0000000702e00000| Untracked 
|  24|0x0000000703000000, 0x0000000703000000, 0x0000000703200000|  0%| F|  |TAMS 0x0000000703000000, 0x0000000703000000| Untracked 
|  25|0x0000000703200000, 0x0000000703200000, 0x0000000703400000|  0%| F|  |TAMS 0x0000000703200000, 0x0000000703200000| Untracked 
|  26|0x0000000703400000, 0x0000000703400000, 0x0000000703600000|  0%| F|  |TAMS 0x0000000703400000, 0x0000000703400000| Untracked 
|  27|0x0000000703600000, 0x0000000703600000, 0x0000000703800000|  0%| F|  |TAMS 0x0000000703600000, 0x0000000703600000| Untracked 
|  28|0x0000000703800000, 0x0000000703800000, 0x0000000703a00000|  0%| F|  |TAMS 0x0000000703800000, 0x0000000703800000| Untracked 
|  29|0x0000000703a00000, 0x0000000703a00000, 0x0000000703c00000|  0%| F|  |TAMS 0x0000000703a00000, 0x0000000703a00000| Untracked 
|  30|0x0000000703c00000, 0x0000000703c00000, 0x0000000703e00000|  0%| F|  |TAMS 0x0000000703c00000, 0x0000000703c00000| Untracked 
|  31|0x0000000703e00000, 0x0000000703e00000, 0x0000000704000000|  0%| F|  |TAMS 0x0000000703e00000, 0x0000000703e00000| Untracked 
|  32|0x0000000704000000, 0x0000000704000000, 0x0000000704200000|  0%| F|  |TAMS 0x0000000704000000, 0x0000000704000000| Untracked 
|  33|0x0000000704200000, 0x0000000704200000, 0x0000000704400000|  0%| F|  |TAMS 0x0000000704200000, 0x0000000704200000| Untracked 
|  34|0x0000000704400000, 0x0000000704400000, 0x0000000704600000|  0%| F|  |TAMS 0x0000000704400000, 0x0000000704400000| Untracked 
|  35|0x0000000704600000, 0x0000000704600000, 0x0000000704800000|  0%| F|  |TAMS 0x0000000704600000, 0x0000000704600000| Untracked 
|  36|0x0000000704800000, 0x0000000704800000, 0x0000000704a00000|  0%| F|  |TAMS 0x0000000704800000, 0x0000000704800000| Untracked 
|  37|0x0000000704a00000, 0x0000000704a00000, 0x0000000704c00000|  0%| F|  |TAMS 0x0000000704a00000, 0x0000000704a00000| Untracked 
|  38|0x0000000704c00000, 0x0000000704c00000, 0x0000000704e00000|  0%| F|  |TAMS 0x0000000704c00000, 0x0000000704c00000| Untracked 
|  39|0x0000000704e00000, 0x0000000704e00000, 0x0000000705000000|  0%| F|  |TAMS 0x0000000704e00000, 0x0000000704e00000| Untracked 
|  40|0x0000000705000000, 0x0000000705000000, 0x0000000705200000|  0%| F|  |TAMS 0x0000000705000000, 0x0000000705000000| Untracked 
|  41|0x0000000705200000, 0x0000000705200000, 0x0000000705400000|  0%| F|  |TAMS 0x0000000705200000, 0x0000000705200000| Untracked 
|  42|0x0000000705400000, 0x0000000705400000, 0x0000000705600000|  0%| F|  |TAMS 0x0000000705400000, 0x0000000705400000| Untracked 
|  43|0x0000000705600000, 0x0000000705600000, 0x0000000705800000|  0%| F|  |TAMS 0x0000000705600000, 0x0000000705600000| Untracked 
|  44|0x0000000705800000, 0x0000000705800000, 0x0000000705a00000|  0%| F|  |TAMS 0x0000000705800000, 0x0000000705800000| Untracked 
|  45|0x0000000705a00000, 0x0000000705a00000, 0x0000000705c00000|  0%| F|  |TAMS 0x0000000705a00000, 0x0000000705a00000| Untracked 
|  46|0x0000000705c00000, 0x0000000705c00000, 0x0000000705e00000|  0%| F|  |TAMS 0x0000000705c00000, 0x0000000705c00000| Untracked 
|  47|0x0000000705e00000, 0x0000000705e00000, 0x0000000706000000|  0%| F|  |TAMS 0x0000000705e00000, 0x0000000705e00000| Untracked 
|  48|0x0000000706000000, 0x0000000706000000, 0x0000000706200000|  0%| F|  |TAMS 0x0000000706000000, 0x0000000706000000| Untracked 
|  49|0x0000000706200000, 0x0000000706200000, 0x0000000706400000|  0%| F|  |TAMS 0x0000000706200000, 0x0000000706200000| Untracked 
|  50|0x0000000706400000, 0x0000000706400000, 0x0000000706600000|  0%| F|  |TAMS 0x0000000706400000, 0x0000000706400000| Untracked 
|  51|0x0000000706600000, 0x0000000706600000, 0x0000000706800000|  0%| F|  |TAMS 0x0000000706600000, 0x0000000706600000| Untracked 
|  52|0x0000000706800000, 0x0000000706800000, 0x0000000706a00000|  0%| F|  |TAMS 0x0000000706800000, 0x0000000706800000| Untracked 
|  53|0x0000000706a00000, 0x0000000706a00000, 0x0000000706c00000|  0%| F|  |TAMS 0x0000000706a00000, 0x0000000706a00000| Untracked 
|  54|0x0000000706c00000, 0x0000000706c00000, 0x0000000706e00000|  0%| F|  |TAMS 0x0000000706c00000, 0x0000000706c00000| Untracked 
|  55|0x0000000706e00000, 0x0000000706e00000, 0x0000000707000000|  0%| F|  |TAMS 0x0000000706e00000, 0x0000000706e00000| Untracked 
|  56|0x0000000707000000, 0x0000000707000000, 0x0000000707200000|  0%| F|  |TAMS 0x0000000707000000, 0x0000000707000000| Untracked 
|  57|0x0000000707200000, 0x0000000707200000, 0x0000000707400000|  0%| F|  |TAMS 0x0000000707200000, 0x0000000707200000| Untracked 
|  58|0x0000000707400000, 0x0000000707400000, 0x0000000707600000|  0%| F|  |TAMS 0x0000000707400000, 0x0000000707400000| Untracked 
|  59|0x0000000707600000, 0x0000000707600000, 0x0000000707800000|  0%| F|  |TAMS 0x0000000707600000, 0x0000000707600000| Untracked 
|  60|0x0000000707800000, 0x0000000707800000, 0x0000000707a00000|  0%| F|  |TAMS 0x0000000707800000, 0x0000000707800000| Untracked 
|  61|0x0000000707a00000, 0x0000000707a00000, 0x0000000707c00000|  0%| F|  |TAMS 0x0000000707a00000, 0x0000000707a00000| Untracked 
|  62|0x0000000707c00000, 0x0000000707c00000, 0x0000000707e00000|  0%| F|  |TAMS 0x0000000707c00000, 0x0000000707c00000| Untracked 
|  63|0x0000000707e00000, 0x0000000707e00000, 0x0000000708000000|  0%| F|  |TAMS 0x0000000707e00000, 0x0000000707e00000| Untracked 
|  64|0x0000000708000000, 0x0000000708000000, 0x0000000708200000|  0%| F|  |TAMS 0x0000000708000000, 0x0000000708000000| Untracked 
|  65|0x0000000708200000, 0x0000000708200000, 0x0000000708400000|  0%| F|  |TAMS 0x0000000708200000, 0x0000000708200000| Untracked 
|  66|0x0000000708400000, 0x0000000708400000, 0x0000000708600000|  0%| F|  |TAMS 0x0000000708400000, 0x0000000708400000| Untracked 
|  67|0x0000000708600000, 0x0000000708600000, 0x0000000708800000|  0%| F|  |TAMS 0x0000000708600000, 0x0000000708600000| Untracked 
|  68|0x0000000708800000, 0x0000000708800000, 0x0000000708a00000|  0%| F|  |TAMS 0x0000000708800000, 0x0000000708800000| Untracked 
|  69|0x0000000708a00000, 0x0000000708a00000, 0x0000000708c00000|  0%| F|  |TAMS 0x0000000708a00000, 0x0000000708a00000| Untracked 
|  70|0x0000000708c00000, 0x0000000708c00000, 0x0000000708e00000|  0%| F|  |TAMS 0x0000000708c00000, 0x0000000708c00000| Untracked 
|  71|0x0000000708e00000, 0x0000000708e00000, 0x0000000709000000|  0%| F|  |TAMS 0x0000000708e00000, 0x0000000708e00000| Untracked 
|  72|0x0000000709000000, 0x0000000709000000, 0x0000000709200000|  0%| F|  |TAMS 0x0000000709000000, 0x0000000709000000| Untracked 
|  73|0x0000000709200000, 0x0000000709200000, 0x0000000709400000|  0%| F|  |TAMS 0x0000000709200000, 0x0000000709200000| Untracked 
|  74|0x0000000709400000, 0x0000000709400000, 0x0000000709600000|  0%| F|  |TAMS 0x0000000709400000, 0x0000000709400000| Untracked 
|  75|0x0000000709600000, 0x0000000709600000, 0x0000000709800000|  0%| F|  |TAMS 0x0000000709600000, 0x0000000709600000| Untracked 
|  76|0x0000000709800000, 0x0000000709800000, 0x0000000709a00000|  0%| F|  |TAMS 0x0000000709800000, 0x0000000709800000| Untracked 
|  77|0x0000000709a00000, 0x0000000709a00000, 0x0000000709c00000|  0%| F|  |TAMS 0x0000000709a00000, 0x0000000709a00000| Untracked 
|  78|0x0000000709c00000, 0x0000000709c00000, 0x0000000709e00000|  0%| F|  |TAMS 0x0000000709c00000, 0x0000000709c00000| Untracked 
|  79|0x0000000709e00000, 0x0000000709e00000, 0x000000070a000000|  0%| F|  |TAMS 0x0000000709e00000, 0x0000000709e00000| Untracked 
|  80|0x000000070a000000, 0x000000070a000000, 0x000000070a200000|  0%| F|  |TAMS 0x000000070a000000, 0x000000070a000000| Untracked 
|  81|0x000000070a200000, 0x000000070a200000, 0x000000070a400000|  0%| F|  |TAMS 0x000000070a200000, 0x000000070a200000| Untracked 
|  82|0x000000070a400000, 0x000000070a400000, 0x000000070a600000|  0%| F|  |TAMS 0x000000070a400000, 0x000000070a400000| Untracked 
|  83|0x000000070a600000, 0x000000070a600000, 0x000000070a800000|  0%| F|  |TAMS 0x000000070a600000, 0x000000070a600000| Untracked 
|  84|0x000000070a800000, 0x000000070a800000, 0x000000070aa00000|  0%| F|  |TAMS 0x000000070a800000, 0x000000070a800000| Untracked 
|  85|0x000000070aa00000, 0x000000070aa00000, 0x000000070ac00000|  0%| F|  |TAMS 0x000000070aa00000, 0x000000070aa00000| Untracked 
|  86|0x000000070ac00000, 0x000000070ac00000, 0x000000070ae00000|  0%| F|  |TAMS 0x000000070ac00000, 0x000000070ac00000| Untracked 
|  87|0x000000070ae00000, 0x000000070ae00000, 0x000000070b000000|  0%| F|  |TAMS 0x000000070ae00000, 0x000000070ae00000| Untracked 
|  88|0x000000070b000000, 0x000000070b000000, 0x000000070b200000|  0%| F|  |TAMS 0x000000070b000000, 0x000000070b000000| Untracked 
|  89|0x000000070b200000, 0x000000070b200000, 0x000000070b400000|  0%| F|  |TAMS 0x000000070b200000, 0x000000070b200000| Untracked 
|  90|0x000000070b400000, 0x000000070b400000, 0x000000070b600000|  0%| F|  |TAMS 0x000000070b400000, 0x000000070b400000| Untracked 
|  91|0x000000070b600000, 0x000000070b600000, 0x000000070b800000|  0%| F|  |TAMS 0x000000070b600000, 0x000000070b600000| Untracked 
|  92|0x000000070b800000, 0x000000070b800000, 0x000000070ba00000|  0%| F|  |TAMS 0x000000070b800000, 0x000000070b800000| Untracked 
|  93|0x000000070ba00000, 0x000000070ba00000, 0x000000070bc00000|  0%| F|  |TAMS 0x000000070ba00000, 0x000000070ba00000| Untracked 
|  94|0x000000070bc00000, 0x000000070bc00000, 0x000000070be00000|  0%| F|  |TAMS 0x000000070bc00000, 0x000000070bc00000| Untracked 
|  95|0x000000070be00000, 0x000000070be00000, 0x000000070c000000|  0%| F|  |TAMS 0x000000070be00000, 0x000000070be00000| Untracked 
|  96|0x000000070c000000, 0x000000070c000000, 0x000000070c200000|  0%| F|  |TAMS 0x000000070c000000, 0x000000070c000000| Untracked 
|  97|0x000000070c200000, 0x000000070c200000, 0x000000070c400000|  0%| F|  |TAMS 0x000000070c200000, 0x000000070c200000| Untracked 
|  98|0x000000070c400000, 0x000000070c400000, 0x000000070c600000|  0%| F|  |TAMS 0x000000070c400000, 0x000000070c400000| Untracked 
|  99|0x000000070c600000, 0x000000070c600000, 0x000000070c800000|  0%| F|  |TAMS 0x000000070c600000, 0x000000070c600000| Untracked 
| 100|0x000000070c800000, 0x000000070c800000, 0x000000070ca00000|  0%| F|  |TAMS 0x000000070c800000, 0x000000070c800000| Untracked 
| 101|0x000000070ca00000, 0x000000070ca00000, 0x000000070cc00000|  0%| F|  |TAMS 0x000000070ca00000, 0x000000070ca00000| Untracked 
| 102|0x000000070cc00000, 0x000000070cc00000, 0x000000070ce00000|  0%| F|  |TAMS 0x000000070cc00000, 0x000000070cc00000| Untracked 
| 103|0x000000070ce00000, 0x000000070ce00000, 0x000000070d000000|  0%| F|  |TAMS 0x000000070ce00000, 0x000000070ce00000| Untracked 
| 104|0x000000070d000000, 0x000000070d000000, 0x000000070d200000|  0%| F|  |TAMS 0x000000070d000000, 0x000000070d000000| Untracked 
| 105|0x000000070d200000, 0x000000070d200000, 0x000000070d400000|  0%| F|  |TAMS 0x000000070d200000, 0x000000070d200000| Untracked 
| 106|0x000000070d400000, 0x000000070d400000, 0x000000070d600000|  0%| F|  |TAMS 0x000000070d400000, 0x000000070d400000| Untracked 
| 107|0x000000070d600000, 0x000000070d600000, 0x000000070d800000|  0%| F|  |TAMS 0x000000070d600000, 0x000000070d600000| Untracked 
| 108|0x000000070d800000, 0x000000070d800000, 0x000000070da00000|  0%| F|  |TAMS 0x000000070d800000, 0x000000070d800000| Untracked 
| 109|0x000000070da00000, 0x000000070da00000, 0x000000070dc00000|  0%| F|  |TAMS 0x000000070da00000, 0x000000070da00000| Untracked 
| 110|0x000000070dc00000, 0x000000070dc00000, 0x000000070de00000|  0%| F|  |TAMS 0x000000070dc00000, 0x000000070dc00000| Untracked 
| 111|0x000000070de00000, 0x000000070de00000, 0x000000070e000000|  0%| F|  |TAMS 0x000000070de00000, 0x000000070de00000| Untracked 
| 112|0x000000070e000000, 0x000000070e000000, 0x000000070e200000|  0%| F|  |TAMS 0x000000070e000000, 0x000000070e000000| Untracked 
| 113|0x000000070e200000, 0x000000070e200000, 0x000000070e400000|  0%| F|  |TAMS 0x000000070e200000, 0x000000070e200000| Untracked 
| 114|0x000000070e400000, 0x000000070e400000, 0x000000070e600000|  0%| F|  |TAMS 0x000000070e400000, 0x000000070e400000| Untracked 
| 115|0x000000070e600000, 0x000000070e600000, 0x000000070e800000|  0%| F|  |TAMS 0x000000070e600000, 0x000000070e600000| Untracked 
| 116|0x000000070e800000, 0x000000070e800000, 0x000000070ea00000|  0%| F|  |TAMS 0x000000070e800000, 0x000000070e800000| Untracked 
| 117|0x000000070ea00000, 0x000000070ea00000, 0x000000070ec00000|  0%| F|  |TAMS 0x000000070ea00000, 0x000000070ea00000| Untracked 
| 118|0x000000070ec00000, 0x000000070ec00000, 0x000000070ee00000|  0%| F|  |TAMS 0x000000070ec00000, 0x000000070ec00000| Untracked 
| 119|0x000000070ee00000, 0x000000070ee00000, 0x000000070f000000|  0%| F|  |TAMS 0x000000070ee00000, 0x000000070ee00000| Untracked 
| 120|0x000000070f000000, 0x000000070f000000, 0x000000070f200000|  0%| F|  |TAMS 0x000000070f000000, 0x000000070f000000| Untracked 
| 121|0x000000070f200000, 0x000000070f200000, 0x000000070f400000|  0%| F|  |TAMS 0x000000070f200000, 0x000000070f200000| Untracked 
| 122|0x000000070f400000, 0x000000070f400000, 0x000000070f600000|  0%| F|  |TAMS 0x000000070f400000, 0x000000070f400000| Untracked 
| 123|0x000000070f600000, 0x000000070f600000, 0x000000070f800000|  0%| F|  |TAMS 0x000000070f600000, 0x000000070f600000| Untracked 
| 124|0x000000070f800000, 0x000000070f95bd88, 0x000000070fa00000| 67%| E|  |TAMS 0x000000070f800000, 0x000000070f800000| Complete 
| 125|0x000000070fa00000, 0x000000070fc00000, 0x000000070fc00000|100%| E|CS|TAMS 0x000000070fa00000, 0x000000070fa00000| Complete 
| 126|0x000000070fc00000, 0x000000070fe00000, 0x000000070fe00000|100%| E|CS|TAMS 0x000000070fc00000, 0x000000070fc00000| Complete 
| 127|0x000000070fe00000, 0x0000000710000000, 0x0000000710000000|100%| E|CS|TAMS 0x000000070fe00000, 0x000000070fe00000| Complete 

Card table byte_map: [0x0000000109000000,0x0000000109800000] _byte_map_base: 0x0000000105800000

Marking Bits (Prev, Next): (CMBitMap*) 0x000000013980b010, (CMBitMap*) 0x000000013980b050
 Prev Bits: [0x0000000112ab8000, 0x0000000116ab8000)
 Next Bits: [0x0000000119800000, 0x000000011d800000)

Polling page: 0x00000001040d0000

Metaspace:

Usage:
  Non-class:      8.35 MB used.
      Class:    894.72 KB used.
       Both:      9.23 MB used.

Virtual space:
  Non-class space:       64.00 MB reserved,       8.44 MB ( 13%) committed,  1 nodes.
      Class space:        1.00 GB reserved,     960.00 KB ( <1%) committed,  1 nodes.
             Both:        1.06 GB reserved,       9.38 MB ( <1%) committed. 

Chunk freelists:
   Non-Class:  6.79 MB
       Class:  15.09 MB
        Both:  21.88 MB

MaxMetaspaceSize: unlimited
CompressedClassSpaceSize: 1.00 GB
Initial GC threshold: 21.00 MB
Current GC threshold: 21.00 MB
CDS: off
MetaspaceReclaimPolicy: balanced
 - commit_granule_bytes: 65536.
 - commit_granule_words: 8192.
 - virtual_space_node_default_size: 8388608.
 - enlarge_chunks_in_place: 1.
 - new_chunks_are_fully_committed: 0.
 - uncommit_free_chunks: 1.
 - use_allocation_guard: 0.
 - handle_deallocations: 1.


Internal statistics:

num_allocs_failed_limit: 0.
num_arena_births: 44.
num_arena_deaths: 0.
num_vsnodes_births: 2.
num_vsnodes_deaths: 0.
num_space_committed: 150.
num_space_uncommitted: 0.
num_chunks_returned_to_freelist: 0.
num_chunks_taken_from_freelist: 117.
num_chunk_merges: 0.
num_chunk_splits: 73.
num_chunks_enlarged: 50.
num_inconsistent_stats: 0.

CodeHeap 'non-profiled nmethods': size=120032Kb used=131Kb max_used=131Kb free=119900Kb
 bounds [0x000000014fac8000, 0x000000014fd38000, 0x0000000157000000]
CodeHeap 'profiled nmethods': size=120016Kb used=548Kb max_used=548Kb free=119467Kb
 bounds [0x0000000148000000, 0x0000000148270000, 0x000000014f534000]
CodeHeap 'non-nmethods': size=5712Kb used=1111Kb max_used=1139Kb free=4600Kb
 bounds [0x000000014f534000, 0x000000014f7a4000, 0x000000014fac8000]
 total_blobs=806 nmethods=403 adapters=320
 compilation: enabled
              stopped_count=0, restarted_count=0
 full_count=0

Compilation events (20 events):
Event: 0.286 Thread 0x000000013982c400 nmethod 351 0x000000014807e790 code [0x000000014807e980, 0x000000014807ec88]
Event: 0.286 Thread 0x000000013982c400  352       3       java.lang.ClassLoader::findLoadedClass (15 bytes)
Event: 0.286 Thread 0x000000013982c400 nmethod 352 0x000000014807ee10 code [0x000000014807efc0, 0x000000014807f1b8]
Event: 0.286 Thread 0x000000013982c400  354       3       jdk.internal.loader.BuiltinClassLoader::findLoadedModule (33 bytes)
Event: 0.287 Thread 0x000000013982c400 nmethod 354 0x000000014807f290 code [0x000000014807f500, 0x000000014807fbd8]
Event: 0.287 Thread 0x000000013982c400  364       3       java.util.ArrayDeque::inc (12 bytes)
Event: 0.287 Thread 0x000000013982c400 nmethod 364 0x000000014807fe90 code [0x0000000148080040, 0x0000000148080158]
Event: 0.287 Thread 0x000000013982c400  365       3       java.util.zip.ZipUtils::CENSIZ (9 bytes)
Event: 0.287 Thread 0x000000013982c400 nmethod 365 0x0000000148080210 code [0x00000001480803c0, 0x0000000148080698]
Event: 0.287 Thread 0x000000013982c400  378       3       java.lang.Character::isWhitespace (5 bytes)
Event: 0.287 Thread 0x000000013982c400 nmethod 378 0x0000000148080810 code [0x00000001480809c0, 0x0000000148080c38]
Event: 0.287 Thread 0x000000013982c400  379       3       java.lang.Character::isWhitespace (9 bytes)
Event: 0.287 Thread 0x000000013982c400 nmethod 379 0x0000000148080d90 code [0x0000000148080f40, 0x0000000148081178]
Event: 0.287 Thread 0x000000013982c400  380       3       java.lang.CharacterDataLatin1::isWhitespace (23 bytes)
Event: 0.287 Thread 0x000000013982c400 nmethod 380 0x0000000148081290 code [0x0000000148081440, 0x0000000148081658]
Event: 0.287 Thread 0x000000013982c400  377       3       jdk.internal.access.SharedSecrets::javaUtilJarAccess (19 bytes)
Event: 0.288 Thread 0x000000013982c400 nmethod 377 0x0000000148081790 code [0x00000001480819c0, 0x0000000148081da8]
Event: 0.288 Thread 0x000000013982be00 nmethod 366 0x000000014fae5c90 code [0x000000014fae5e80, 0x000000014fae62d0]
Event: 0.288 Thread 0x000000013982be00  372       4       java.lang.StringLatin1::indexOfChar (33 bytes)
Event: 0.288 Thread 0x000000013982c400  382   !   3       java.lang.invoke.MemberName$Factory::resolve (159 bytes)

GC Heap History (0 events):
No events

Dll operation events (4 events):
Event: 0.018 Loaded shared library /Users/jenkins/.dogu/externals/java/lib/libjava.dylib
Event: 0.126 Loaded shared library /Users/jenkins/.dogu/externals/java/lib/libnio.dylib
Event: 0.138 Loaded shared library /Users/jenkins/.dogu/externals/java/lib/libzip.dylib
Event: 0.187 Loaded shared library /Users/jenkins/.dogu/externals/java/lib/libjimage.dylib

Deoptimization events (4 events):
Event: 0.282 Thread 0x0000000118813c00 DEOPT PACKING pc=0x000000014802be5c sp=0x000000016c014b70
Event: 0.282 Thread 0x0000000118813c00 DEOPT UNPACKING pc=0x000000014f57b77c sp=0x000000016c0147a0 mode 0
Event: 0.298 Thread 0x0000000118813c00 DEOPT PACKING pc=0x000000014801b04c sp=0x000000016c0148c0
Event: 0.298 Thread 0x0000000118813c00 DEOPT UNPACKING pc=0x000000014f57b77c sp=0x000000016c014550 mode 0

Classes unloaded (0 events):
No events

Classes redefined (0 events):
No events

Internal exceptions (13 events):
Event: 0.197 Thread 0x0000000118813c00 Exception <a 'java/lang/NoSuchMethodError'{0x000000070fc57be0}: 'java.lang.Object java.lang.invoke.DirectMethodHandle$Holder.invokeInterface(java.lang.Object, java.lang.Object)'> (0x000000070fc57be0) 
thrown [src/hotspot/share/interpreter/linkResolver.cpp, line 759]
Event: 0.199 Thread 0x0000000118813c00 Exception <a 'java/lang/NoSuchMethodError'{0x000000070fc627e8}: 'java.lang.Object java.lang.invoke.Invokers$Holder.invokeExact_MT(java.lang.Object, java.lang.Object, java.lang.Object, java.lang.Object, java.lang.Object, java.lang.Object)'> (0x000000070fc627e8) 
thrown [src/hotspot/share/interpreter/linkResolver.cpp, line 759]
Event: 0.232 Thread 0x0000000118813c00 Exception <a 'java/lang/NoSuchMethodError'{0x000000070fa238a8}: 'int java.lang.invoke.DirectMethodHandle$Holder.invokeSpecial(java.lang.Object, java.lang.Object, java.lang.Object)'> (0x000000070fa238a8) 
thrown [src/hotspot/share/interpreter/linkResolver.cpp, line 759]
Event: 0.245 Thread 0x0000000118813c00 Exception <a 'java/lang/NoSuchMethodError'{0x000000070fab6938}: 'java.lang.Object java.lang.invoke.DirectMethodHandle$Holder.invokeSpecialIFC(java.lang.Object, java.lang.Object, java.lang.Object, java.lang.Object)'> (0x000000070fab6938) 
thrown [src/hotspot/share/interpreter/linkResolver.cpp, line 759]
Event: 0.248 Thread 0x0000000118813c00 Exception <a 'java/lang/NoSuchMethodError'{0x000000070fac5110}: 'int java.lang.invoke.DirectMethodHandle$Holder.invokeVirtual(java.lang.Object, java.lang.Object)'> (0x000000070fac5110) 
thrown [src/hotspot/share/interpreter/linkResolver.cpp, line 759]
Event: 0.248 Thread 0x0000000118813c00 Exception <a 'java/lang/NoSuchMethodError'{0x000000070fad0a98}: 'double java.lang.invoke.DirectMethodHandle$Holder.invokeVirtual(java.lang.Object, java.lang.Object)'> (0x000000070fad0a98) 
thrown [src/hotspot/share/interpreter/linkResolver.cpp, line 759]
Event: 0.249 Thread 0x0000000118813c00 Exception <a 'java/lang/NoSuchMethodError'{0x000000070fad7240}: 'float java.lang.invoke.DirectMethodHandle$Holder.invokeVirtual(java.lang.Object, java.lang.Object)'> (0x000000070fad7240) 
thrown [src/hotspot/share/interpreter/linkResolver.cpp, line 759]
Event: 0.250 Thread 0x0000000118813c00 Exception <a 'java/lang/NoSuchMethodError'{0x000000070fae0438}: 'long java.lang.invoke.DirectMethodHandle$Holder.invokeVirtual(java.lang.Object, java.lang.Object)'> (0x000000070fae0438) 
thrown [src/hotspot/share/interpreter/linkResolver.cpp, line 759]
Event: 0.255 Thread 0x0000000118813c00 Exception <a 'java/lang/NoSuchMethodError'{0x000000070fb0d108}: 'void java.lang.invoke.DirectMethodHandle$Holder.invokeStatic(java.lang.Object, java.lang.Object, java.lang.Object)'> (0x000000070fb0d108) 
thrown [src/hotspot/share/interpreter/linkResolver.cpp, line 759]
Event: 0.255 Thread 0x0000000118813c00 Exception <a 'java/lang/NoSuchMethodError'{0x000000070fb13a78}: 'java.lang.Object java.lang.invoke.DirectMethodHandle$Holder.invokeVirtual(java.lang.Object, java.lang.Object, java.lang.Object)'> (0x000000070fb13a78) 
thrown [src/hotspot/share/interpreter/linkResolver.cpp, line 759]
Event: 0.284 Thread 0x0000000118813c00 Exception <a 'java/lang/NoSuchMethodError'{0x000000070f859f20}: 'java.lang.Object java.lang.invoke.DirectMethodHandle$Holder.newInvokeSpecial(java.lang.Object, java.lang.Object, java.lang.Object, java.lang.Object, java.lang.Object, java.lang.Object, java.lang.Object, java.lang.Object, java.lang.Object)'> (0x000000070f859f20) 
thrown [src/hotspot/share/interpreter/linkResolver.cpp, line 759]
Event: 0.284 Thread 0x0000000118813c00 Exception <a 'java/lang/NoSuchMethodError'{0x000000070f85f290}: 'java.lang.Object java.lang.invoke.DirectMethodHandle$Holder.invokeSpecial(java.lang.Object, java.lang.Object, java.lang.Object, java.lang.Object, java.lang.Object, java.lang.Object, java.lang.Object, java.lang.Object, java.lang.Object, java.lang.Object)'> (0x000000070f85f290) 
thrown [src/hotspot/share/interpreter/linkResolver.cpp, line 759]
Event: 0.284 Thread 0x0000000118813c00 Exception <a 'java/lang/NoSuchMethodError'{0x000000070f8635b0}: 'java.lang.Object java.lang.invoke.Invokers$Holder.linkToTargetMethod(java.lang.Object, java.lang.Object, java.lang.Object, java.lang.Object, java.lang.Object, java.lang.Object, java.lang.Object, java.lang.Object, java.lang.Object)'> (0x000000070f8635b0) 
thrown [src/hotspot/share/interpreter/linkResolver.cpp, line 759]

VM Operations (2 events):
Event: 0.139 Executing VM operation: HandshakeAllThreads
Event: 0.139 Executing VM operation: HandshakeAllThreads done

Events (20 events):
Event: 0.296 loading class java/lang/WeakPairMap$Pair$Weak$1 done
Event: 0.297 loading class java/lang/reflect/ProxyGenerator
Event: 0.297 loading class java/lang/reflect/ProxyGenerator done
Event: 0.297 loading class java/lang/reflect/ProxyGenerator$ProxyMethod
Event: 0.297 loading class java/lang/reflect/ProxyGenerator$ProxyMethod done
Event: 0.297 loading class java/util/StringJoiner
Event: 0.297 loading class java/util/StringJoiner done
Event: 0.298 loading class java/lang/reflect/ProxyGenerator$PrimitiveTypeInfo
Event: 0.298 loading class java/lang/reflect/ProxyGenerator$PrimitiveTypeInfo done
Event: 0.298 loading class jdk/internal/org/objectweb/asm/Edge
Event: 0.298 loading class jdk/internal/org/objectweb/asm/Edge done
Event: 0.299 loading class java/lang/reflect/Proxy$ProxyBuilder$1
Event: 0.299 loading class java/lang/reflect/Proxy$ProxyBuilder$1 done
Event: 0.299 loading class java/lang/annotation/Target
Event: 0.299 loading class java/lang/annotation/Target done
Event: 0.301 loading class java/lang/reflect/UndeclaredThrowableException
Event: 0.301 loading class java/lang/reflect/UndeclaredThrowableException done
Event: 0.302 loading class java/lang/Class$AnnotationData
Event: 0.303 loading class java/lang/Class$AnnotationData done
Event: 0.303 loading class jdk/internal/reflect/UnsafeFieldAccessorFactory


Dynamic libraries:
0x000000010412c000 	/Users/jenkins/.dogu/externals/java/lib/libjli.dylib
0x00000001947ff000 	/usr/lib/libz.1.dylib
0x00000001948b9000 	/usr/lib/libSystem.B.dylib
0x00000001948b3000 	/usr/lib/system/libcache.dylib
0x000000019486c000 	/usr/lib/system/libcommonCrypto.dylib
0x000000019489a000 	/usr/lib/system/libcompiler_rt.dylib
0x0000000194890000 	/usr/lib/system/libcopyfile.dylib
0x000000018905b000 	/usr/lib/system/libcorecrypto.dylib
0x0000000189113000 	/usr/lib/system/libdispatch.dylib
0x00000001892a4000 	/usr/lib/system/libdyld.dylib
0x00000001948a9000 	/usr/lib/system/libkeymgr.dylib
0x000000019484a000 	/usr/lib/system/libmacho.dylib
0x0000000193f26000 	/usr/lib/system/libquarantine.dylib
0x00000001948a6000 	/usr/lib/system/libremovefile.dylib
0x000000018df33000 	/usr/lib/system/libsystem_asl.dylib
0x0000000188ff9000 	/usr/lib/system/libsystem_blocks.dylib
0x000000018915e000 	/usr/lib/system/libsystem_c.dylib
0x000000019489e000 	/usr/lib/system/libsystem_collections.dylib
0x000000019344f000 	/usr/lib/system/libsystem_configuration.dylib
0x00000001924d9000 	/usr/lib/system/libsystem_containermanager.dylib
0x000000019455b000 	/usr/lib/system/libsystem_coreservices.dylib
0x000000018c0d0000 	/usr/lib/system/libsystem_darwin.dylib
0x00000001948aa000 	/usr/lib/system/libsystem_dnssd.dylib
0x000000018915b000 	/usr/lib/system/libsystem_featureflags.dylib
0x00000001892d0000 	/usr/lib/system/libsystem_info.dylib
0x0000000194811000 	/usr/lib/system/libsystem_m.dylib
0x00000001890e7000 	/usr/lib/system/libsystem_malloc.dylib
0x000000018deb3000 	/usr/lib/system/libsystem_networkextension.dylib
0x000000018c53a000 	/usr/lib/system/libsystem_notify.dylib
0x0000000193454000 	/usr/lib/system/libsystem_sandbox.dylib
0x00000001948a3000 	/usr/lib/system/libsystem_secinit.dylib
0x000000018925e000 	/usr/lib/system/libsystem_kernel.dylib
0x00000001892c8000 	/usr/lib/system/libsystem_platform.dylib
0x0000000189297000 	/usr/lib/system/libsystem_pthread.dylib
0x000000018f702000 	/usr/lib/system/libsystem_symptoms.dylib
0x0000000189041000 	/usr/lib/system/libsystem_trace.dylib
0x000000019487d000 	/usr/lib/system/libunwind.dylib
0x0000000188ffe000 	/usr/lib/system/libxpc.dylib
0x0000000189246000 	/usr/lib/libc++abi.dylib
0x0000000188f28000 	/usr/lib/libobjc.A.dylib
0x0000000194888000 	/usr/lib/liboah.dylib
0x00000001891df000 	/usr/lib/libc++.1.dylib
0x00000001a0680000 	/System/Library/Frameworks/Cocoa.framework/Versions/A/Cocoa
0x000000018c59b000 	/System/Library/Frameworks/AppKit.framework/Versions/C/AppKit
0x000000018ef35000 	/System/Library/Frameworks/CoreData.framework/Versions/A/CoreData
0x000000018a227000 	/System/Library/Frameworks/Foundation.framework/Versions/C/Foundation
0x000000018d4a3000 	/System/Library/PrivateFrameworks/UIFoundation.framework/Versions/A/UIFoundation
0x00000001f3f43000 	/System/Library/PrivateFrameworks/CollectionViewCore.framework/Versions/A/CollectionViewCore
0x000000019ab41000 	/System/Library/PrivateFrameworks/RemoteViewServices.framework/Versions/A/RemoteViewServices
0x0000000192d09000 	/System/Library/PrivateFrameworks/XCTTargetBootstrap.framework/Versions/A/XCTTargetBootstrap
0x000000019664b000 	/System/Library/PrivateFrameworks/InternationalSupport.framework/Versions/A/InternationalSupport
0x00000001966d2000 	/System/Library/PrivateFrameworks/UserActivity.framework/Versions/A/UserActivity
0x000000020ab0c000 	/System/Library/PrivateFrameworks/WindowManagement.framework/Versions/A/WindowManagement
0x0000000189ef1000 	/System/Library/Frameworks/SystemConfiguration.framework/Versions/A/SystemConfiguration
0x0000000195b50000 	/usr/lib/libspindump.dylib
0x000000018d648000 	/System/Library/Frameworks/UniformTypeIdentifiers.framework/Versions/A/UniformTypeIdentifiers
0x0000000191034000 	/usr/lib/libapp_launch_measurement.dylib
0x00000001904e6000 	/System/Library/PrivateFrameworks/CoreAnalytics.framework/Versions/A/CoreAnalytics
0x000000019103b000 	/System/Library/PrivateFrameworks/CoreAutoLayout.framework/Versions/A/CoreAutoLayout
0x000000019252b000 	/System/Library/Frameworks/Metal.framework/Versions/A/Metal
0x0000000193460000 	/usr/lib/liblangid.dylib
0x0000000192d0f000 	/System/Library/PrivateFrameworks/CoreSVG.framework/Versions/A/CoreSVG
0x000000018df69000 	/System/Library/PrivateFrameworks/SkyLight.framework/Versions/A/SkyLight
0x000000018e380000 	/System/Library/Frameworks/CoreGraphics.framework/Versions/A/CoreGraphics
0x000000019b210000 	/System/Library/Frameworks/Accelerate.framework/Versions/A/Accelerate
0x00000001955be000 	/System/Library/PrivateFrameworks/IconServices.framework/Versions/A/IconServices
0x000000019250b000 	/System/Library/Frameworks/IOSurface.framework/Versions/A/IOSurface
0x0000000190513000 	/usr/lib/libDiagnosticMessagesClient.dylib
0x000000019e46c000 	/System/Library/Frameworks/ApplicationServices.framework/Versions/A/ApplicationServices
0x0000000192cf1000 	/System/Library/PrivateFrameworks/DFRFoundation.framework/Versions/A/DFRFoundation
0x000000018be19000 	/usr/lib/libicucore.A.dylib
0x00000001975da000 	/System/Library/Frameworks/AudioToolbox.framework/Versions/A/AudioToolbox
0x0000000196656000 	/System/Library/PrivateFrameworks/DataDetectorsCore.framework/Versions/A/DataDetectorsCore
0x00000001ad662000 	/System/Library/PrivateFrameworks/TextInput.framework/Versions/A/TextInput
0x000000018dece000 	/usr/lib/libMobileGestalt.dylib
0x00000001929bd000 	/System/Library/Frameworks/Carbon.framework/Versions/A/Frameworks/HIToolbox.framework/Versions/A/HIToolbox
0x00000001909be000 	/System/Library/Frameworks/QuartzCore.framework/Versions/A/QuartzCore
0x000000018ba76000 	/System/Library/Frameworks/Security.framework/Versions/A/Security
0x000000019ab81000 	/System/Library/Frameworks/Carbon.framework/Versions/A/Frameworks/SpeechRecognition.framework/Versions/A/SpeechRecognition
0x0000000190d73000 	/System/Library/PrivateFrameworks/CoreUI.framework/Versions/A/CoreUI
0x000000018b396000 	/System/Library/Frameworks/CoreAudio.framework/Versions/A/CoreAudio
0x00000001905ef000 	/System/Library/Frameworks/DiskArbitration.framework/Versions/A/DiskArbitration
0x0000000195f83000 	/System/Library/PrivateFrameworks/MultitouchSupport.framework/Versions/A/MultitouchSupport
0x000000018decc000 	/usr/lib/libenergytrace.dylib
0x000000018c45e000 	/System/Library/Frameworks/IOKit.framework/Versions/A/IOKit
0x000000019af64000 	/System/Library/Frameworks/CoreServices.framework/Versions/A/CoreServices
0x0000000190fc1000 	/System/Library/PrivateFrameworks/PerformanceAnalysis.framework/Versions/A/PerformanceAnalysis
0x00000001d75e5000 	/System/Library/Frameworks/OpenGL.framework/Versions/A/OpenGL
0x0000000191085000 	/usr/lib/libxml2.2.dylib
0x0000000193e2d000 	/System/Library/PrivateFrameworks/MobileKeyBag.framework/Versions/A/MobileKeyBag
0x000000018e9ca000 	/System/Library/Frameworks/ColorSync.framework/Versions/A/ColorSync
0x00000001892fc000 	/System/Library/Frameworks/CoreFoundation.framework/Versions/A/CoreFoundation
0x0000000193087000 	/System/Library/Frameworks/CoreImage.framework/Versions/A/CoreImage
0x000000018b1b7000 	/System/Library/Frameworks/CoreText.framework/Versions/A/CoreText
0x0000000192d48000 	/System/Library/Frameworks/ImageIO.framework/Versions/A/ImageIO
0x00000001948bf000 	/System/Library/PrivateFrameworks/SoftLinking.framework/Versions/A/SoftLinking
0x0000000194b52000 	/usr/lib/libcompression.dylib
0x00000001965a7000 	/System/Library/PrivateFrameworks/TextureIO.framework/Versions/A/TextureIO
0x0000000195290000 	/usr/lib/libate.dylib
0x000000019514f000 	/usr/lib/liblzma.5.dylib
0x00000001948bb000 	/usr/lib/libfakelink.dylib
0x000000018daf3000 	/System/Library/Frameworks/CFNetwork.framework/Versions/A/CFNetwork
0x00000001949fa000 	/usr/lib/libarchive.2.dylib
0x0000000198ece000 	/System/Library/Frameworks/Combine.framework/Versions/A/Combine
0x0000000196fa4000 	/usr/lib/swift/libswiftCore.dylib
0x00000001aa766000 	/usr/lib/swift/libswiftCoreFoundation.dylib
0x00000001a8666000 	/usr/lib/swift/libswiftDarwin.dylib
0x000000019c480000 	/usr/lib/swift/libswiftDispatch.dylib
0x00000001aa787000 	/usr/lib/swift/libswiftIOKit.dylib
0x000000019e887000 	/usr/lib/swift/libswiftObjectiveC.dylib
0x00000001aa77a000 	/usr/lib/swift/libswiftXPC.dylib
0x00000002112ef000 	/usr/lib/swift/libswift_Concurrency.dylib
0x0000000211441000 	/usr/lib/swift/libswift_StringProcessing.dylib
0x000000019e88b000 	/usr/lib/swift/libswiftos.dylib
0x000000018c3e3000 	/System/Library/PrivateFrameworks/CoreServicesInternal.framework/Versions/A/CoreServicesInternal
0x0000000193f51000 	/usr/lib/libbsm.0.dylib
0x0000000194850000 	/usr/lib/system/libkxld.dylib
0x0000000190ffd000 	/System/Library/Frameworks/CoreServices.framework/Versions/A/Frameworks/FSEvents.framework/Versions/A/FSEvents
0x000000018c0db000 	/System/Library/Frameworks/CoreServices.framework/Versions/A/Frameworks/CarbonCore.framework/Versions/A/CarbonCore
0x0000000190556000 	/System/Library/Frameworks/CoreServices.framework/Versions/A/Frameworks/Metadata.framework/Versions/A/Metadata
0x0000000194561000 	/System/Library/Frameworks/CoreServices.framework/Versions/A/Frameworks/OSServices.framework/Versions/A/OSServices
0x0000000194a81000 	/System/Library/Frameworks/CoreServices.framework/Versions/A/Frameworks/SearchKit.framework/Versions/A/SearchKit
0x000000018f685000 	/System/Library/Frameworks/CoreServices.framework/Versions/A/Frameworks/AE.framework/Versions/A/AE
0x00000001897d4000 	/System/Library/Frameworks/CoreServices.framework/Versions/A/Frameworks/LaunchServices.framework/Versions/A/LaunchServices
0x00000001950f8000 	/System/Library/Frameworks/CoreServices.framework/Versions/A/Frameworks/DictionaryServices.framework/Versions/A/DictionaryServices
0x000000019100a000 	/System/Library/Frameworks/CoreServices.framework/Versions/A/Frameworks/SharedFileList.framework/Versions/A/SharedFileList
0x0000000194b20000 	/usr/lib/libapple_nghttp2.dylib
0x000000018daef000 	/usr/lib/libnetwork.dylib
0x000000018f30a000 	/usr/lib/libsqlite3.dylib
0x000000018f70b000 	/System/Library/Frameworks/Network.framework/Versions/A/Network
0x0000000210475000 	/usr/lib/libCoreEntitlements.dylib
0x00000001fd382000 	/System/Library/PrivateFrameworks/MessageSecurity.framework/Versions/A/MessageSecurity
0x000000018f2f0000 	/System/Library/PrivateFrameworks/ProtocolBuffer.framework/Versions/A/ProtocolBuffer
0x000000019453d000 	/System/Library/PrivateFrameworks/AppleFSCompression.framework/Versions/A/AppleFSCompression
0x0000000193f39000 	/usr/lib/libcoretls.dylib
0x0000000195168000 	/usr/lib/libcoretls_cfhelpers.dylib
0x0000000194b4d000 	/usr/lib/libpam.2.dylib
0x00000001951ce000 	/usr/lib/libxar.1.dylib
0x0000000195599000 	/usr/lib/libheimdal-asn1.dylib
0x00000001948c0000 	/usr/lib/libpcap.A.dylib
0x000000018f6f8000 	/usr/lib/libdns_services.dylib
0x000000019345c000 	/System/Library/PrivateFrameworks/AppleSystemInfo.framework/Versions/A/AppleSystemInfo
0x0000000193c2e000 	/System/Library/PrivateFrameworks/IOMobileFramebuffer.framework/Versions/A/IOMobileFramebuffer
0x000000019454e000 	/usr/lib/libbz2.1.0.dylib
0x0000000193f29000 	/usr/lib/libCheckFix.dylib
0x000000018df4b000 	/System/Library/PrivateFrameworks/TCC.framework/Versions/A/TCC
0x0000000193462000 	/System/Library/PrivateFrameworks/CoreNLP.framework/Versions/A/CoreNLP
0x0000000190515000 	/System/Library/PrivateFrameworks/MetadataUtilities.framework/Versions/A/MetadataUtilities
0x0000000193f62000 	/usr/lib/libmecab.dylib
0x0000000189f7b000 	/usr/lib/libCRFSuite.dylib
0x0000000193fbf000 	/usr/lib/libgermantok.dylib
0x0000000194af9000 	/usr/lib/libThaiTokenizer.dylib
0x00000001905f8000 	/System/Library/Frameworks/Accelerate.framework/Versions/A/Frameworks/vImage.framework/Versions/A/vImage
0x000000019af3b000 	/System/Library/Frameworks/Accelerate.framework/Versions/A/Frameworks/vecLib.framework/Versions/A/vecLib
0x0000000195214000 	/System/Library/Frameworks/Accelerate.framework/Versions/A/Frameworks/vecLib.framework/Versions/A/libvMisc.dylib
0x0000000193b2e000 	/System/Library/Frameworks/Accelerate.framework/Versions/A/Frameworks/vecLib.framework/Versions/A/libvDSP.dylib
0x0000000189b87000 	/System/Library/Frameworks/Accelerate.framework/Versions/A/Frameworks/vecLib.framework/Versions/A/libBLAS.dylib
0x0000000194c24000 	/System/Library/Frameworks/Accelerate.framework/Versions/A/Frameworks/vecLib.framework/Versions/A/libLAPACK.dylib
0x0000000193fc2000 	/System/Library/Frameworks/Accelerate.framework/Versions/A/Frameworks/vecLib.framework/Versions/A/libLinearAlgebra.dylib
0x0000000194b38000 	/System/Library/Frameworks/Accelerate.framework/Versions/A/Frameworks/vecLib.framework/Versions/A/libSparseBLAS.dylib
0x0000000194c1f000 	/System/Library/Frameworks/Accelerate.framework/Versions/A/Frameworks/vecLib.framework/Versions/A/libQuadrature.dylib
0x000000019355b000 	/System/Library/Frameworks/Accelerate.framework/Versions/A/Frameworks/vecLib.framework/Versions/A/libBNNS.dylib
0x0000000189e8a000 	/System/Library/Frameworks/Accelerate.framework/Versions/A/Frameworks/vecLib.framework/Versions/A/libSparse.dylib
0x00000001fc6ee000 	/System/Library/PrivateFrameworks/MIL.framework/Versions/A/MIL
0x00000001948f5000 	/usr/lib/libiconv.2.dylib
0x0000000194849000 	/usr/lib/libcharset.1.dylib
0x0000000190fdd000 	/System/Library/Frameworks/OpenDirectory.framework/Versions/A/Frameworks/CFOpenDirectory.framework/Versions/A/CFOpenDirectory
0x0000000190fcd000 	/System/Library/Frameworks/OpenDirectory.framework/Versions/A/OpenDirectory
0x000000019516a000 	/System/Library/PrivateFrameworks/APFS.framework/Versions/A/APFS
0x0000000193e64000 	/System/Library/Frameworks/SecurityFoundation.framework/Versions/A/SecurityFoundation
0x00000001951dd000 	/usr/lib/libutil.dylib
0x00000001fb7e6000 	/System/Library/PrivateFrameworks/InstalledContentLibrary.framework/Versions/A/InstalledContentLibrary
0x000000018c421000 	/System/Library/PrivateFrameworks/CoreServicesStore.framework/Versions/A/CoreServicesStore
0x00000001f28ba000 	/System/Library/PrivateFrameworks/AppleMobileFileIntegrity.framework/Versions/A/AppleMobileFileIntegrity
0x00000001aa745000 	/usr/lib/libmis.dylib
0x00000001b8548000 	/System/Library/PrivateFrameworks/MobileSystemServices.framework/Versions/A/MobileSystemServices
0x00000001d2925000 	/System/Library/PrivateFrameworks/ConfigProfileHelper.framework/Versions/A/ConfigProfileHelper
0x0000000194afb000 	/System/Library/PrivateFrameworks/AppleSauce.framework/Versions/A/AppleSauce
0x000000018ac60000 	/System/Library/PrivateFrameworks/LanguageModeling.framework/Versions/A/LanguageModeling
0x00000001951e1000 	/usr/lib/libxslt.1.dylib
0x00000001949e8000 	/usr/lib/libcmph.dylib
0x0000000193c1b000 	/System/Library/PrivateFrameworks/CoreEmoji.framework/Versions/A/CoreEmoji
0x0000000193555000 	/System/Library/PrivateFrameworks/LinguisticData.framework/Versions/A/LinguisticData
0x0000000189e42000 	/System/Library/PrivateFrameworks/Lexicon.framework/Versions/A/Lexicon
0x0000000193ef7000 	/System/Library/PrivateFrameworks/BackgroundTaskManagement.framework/Versions/A/BackgroundTaskManagement
0x0000000210614000 	/usr/lib/libTLE.dylib
0x000000021138c000 	/usr/lib/swift/libswift_RegexParser.dylib
0x0000000195e48000 	/System/Library/PrivateFrameworks/AppleJPEG.framework/Versions/A/AppleJPEG
0x000000019557e000 	/usr/lib/libexpat.1.dylib
0x0000000196409000 	/System/Library/Frameworks/ImageIO.framework/Versions/A/Resources/libPng.dylib
0x0000000196434000 	/System/Library/Frameworks/ImageIO.framework/Versions/A/Resources/libTIFF.dylib
0x000000019651d000 	/System/Library/Frameworks/ImageIO.framework/Versions/A/Resources/libGIF.dylib
0x0000000195e8d000 	/System/Library/Frameworks/ImageIO.framework/Versions/A/Resources/libJP2.dylib
0x00000001964c1000 	/System/Library/Frameworks/ImageIO.framework/Versions/A/Resources/libJPEG.dylib
0x00000001964b8000 	/System/Library/Frameworks/ImageIO.framework/Versions/A/Resources/libRadiance.dylib
0x0000000192846000 	/System/Library/PrivateFrameworks/FontServices.framework/libFontParser.dylib
0x000000018f627000 	/System/Library/PrivateFrameworks/RunningBoardServices.framework/Versions/A/RunningBoardServices
0x00000001a0da9000 	/System/Library/PrivateFrameworks/IOSurfaceAccelerator.framework/Versions/A/IOSurfaceAccelerator
0x0000000195f7f000 	/System/Library/PrivateFrameworks/WatchdogClient.framework/Versions/A/WatchdogClient
0x000000018add9000 	/System/Library/Frameworks/CoreDisplay.framework/Versions/A/CoreDisplay
0x0000000192721000 	/System/Library/Frameworks/CoreMedia.framework/Versions/A/CoreMedia
0x0000000192521000 	/System/Library/PrivateFrameworks/IOAccelerator.framework/Versions/A/IOAccelerator
0x000000019116e000 	/System/Library/Frameworks/CoreVideo.framework/Versions/A/CoreVideo
0x0000000194b4b000 	/System/Library/Frameworks/MetalPerformanceShaders.framework/Versions/A/MetalPerformanceShaders
0x0000000195fbe000 	/System/Library/Frameworks/VideoToolbox.framework/Versions/A/VideoToolbox
0x000000018f56b000 	/System/Library/PrivateFrameworks/BaseBoard.framework/Versions/A/BaseBoard
0x00000001964b3000 	/System/Library/PrivateFrameworks/GPUWrangler.framework/Versions/A/GPUWrangler
0x0000000196493000 	/System/Library/PrivateFrameworks/IOPresentment.framework/Versions/A/IOPresentment
0x00000001964bb000 	/System/Library/PrivateFrameworks/DSExternalDisplay.framework/Versions/A/DSExternalDisplay
0x00000001f8040000 	/System/Library/PrivateFrameworks/GPUCompiler.framework/Versions/31001/Libraries/libllvm-flatbuffers.dylib
0x00000001d75d8000 	/System/Library/Frameworks/OpenGL.framework/Versions/A/Libraries/libCoreFSCache.dylib
0x00000001f803c000 	/System/Library/PrivateFrameworks/GPUCompiler.framework/Versions/31001/Libraries/libGPUCompilerUtils.dylib
0x0000000196523000 	/System/Library/PrivateFrameworks/CMCaptureCore.framework/Versions/A/CMCaptureCore
0x00000001ecb6d000 	/System/Library/Frameworks/ExtensionFoundation.framework/Versions/A/ExtensionFoundation
0x000000019cc25000 	/System/Library/PrivateFrameworks/CoreTime.framework/Versions/A/CoreTime
0x0000000195b3b000 	/System/Library/PrivateFrameworks/AppServerSupport.framework/Versions/A/AppServerSupport
0x0000000197ebc000 	/System/Library/PrivateFrameworks/perfdata.framework/Versions/A/perfdata
0x000000018aef9000 	/System/Library/PrivateFrameworks/AudioToolboxCore.framework/Versions/A/AudioToolboxCore
0x00000001926f7000 	/System/Library/PrivateFrameworks/caulk.framework/Versions/A/caulk
0x0000000197779000 	/usr/lib/libAudioStatistics.dylib
0x00000001a9b81000 	/System/Library/PrivateFrameworks/SystemPolicy.framework/Versions/A/SystemPolicy
0x0000000197a1b000 	/usr/lib/libSMC.dylib
0x00000001a0555000 	/System/Library/Frameworks/CoreMIDI.framework/Versions/A/CoreMIDI
0x00000001963d6000 	/usr/lib/libAudioToolboxUtility.dylib
0x00000001a5939000 	/System/Library/PrivateFrameworks/OSAServicesClient.framework/Versions/A/OSAServicesClient
0x0000000197ec9000 	/usr/lib/libperfcheck.dylib
0x0000000195469000 	/System/Library/PrivateFrameworks/PlugInKit.framework/Versions/A/PlugInKit
0x0000000193e56000 	/System/Library/PrivateFrameworks/AssertionServices.framework/Versions/A/AssertionServices
0x00000001d763a000 	/System/Library/Frameworks/OpenGL.framework/Versions/A/Libraries/libGLU.dylib
0x00000001d75f9000 	/System/Library/Frameworks/OpenGL.framework/Versions/A/Libraries/libGFXShared.dylib
0x00000001d77e0000 	/System/Library/Frameworks/OpenGL.framework/Versions/A/Libraries/libGL.dylib
0x00000001d7602000 	/System/Library/Frameworks/OpenGL.framework/Versions/A/Libraries/libGLImage.dylib
0x00000001d75f6000 	/System/Library/Frameworks/OpenGL.framework/Versions/A/Libraries/libCVMSPluginSupport.dylib
0x00000002105f3000 	/usr/lib/libRosetta.dylib
0x00000001d75df000 	/System/Library/Frameworks/OpenGL.framework/Versions/A/Libraries/libCoreVMClient.dylib
0x00000001933d9000 	/System/Library/Frameworks/MetalPerformanceShaders.framework/Versions/A/Frameworks/MPSCore.framework/Versions/A/MPSCore
0x00000001944b3000 	/System/Library/Frameworks/MetalPerformanceShaders.framework/Versions/A/Frameworks/MPSImage.framework/Versions/A/MPSImage
0x0000000193fd7000 	/System/Library/Frameworks/MetalPerformanceShaders.framework/Versions/A/Frameworks/MPSNeuralNetwork.framework/Versions/A/MPSNeuralNetwork
0x00000001943c3000 	/System/Library/Frameworks/MetalPerformanceShaders.framework/Versions/A/Frameworks/MPSMatrix.framework/Versions/A/MPSMatrix
0x00000001941d5000 	/System/Library/Frameworks/MetalPerformanceShaders.framework/Versions/A/Frameworks/MPSRayIntersector.framework/Versions/A/MPSRayIntersector
0x00000001943f1000 	/System/Library/Frameworks/MetalPerformanceShaders.framework/Versions/A/Frameworks/MPSNDArray.framework/Versions/A/MPSNDArray
0x00000001edf26000 	/System/Library/Frameworks/MetalPerformanceShaders.framework/Versions/A/Frameworks/MPSFunctions.framework/Versions/A/MPSFunctions
0x0000000189a4d000 	/System/Library/PrivateFrameworks/MetalTools.framework/Versions/A/MetalTools
0x000000019345a000 	/System/Library/PrivateFrameworks/AggregateDictionary.framework/Versions/A/AggregateDictionary
0x0000000195322000 	/usr/lib/libIOReport.dylib
0x000000019f74b000 	/System/Library/PrivateFrameworks/ASEProcessing.framework/Versions/A/ASEProcessing
0x00000001956d9000 	/System/Library/PrivateFrameworks/GraphVisualizer.framework/Versions/A/GraphVisualizer
0x00000001f7f4d000 	/System/Library/PrivateFrameworks/FontServices.framework/Versions/A/FontServices
0x0000000195af9000 	/System/Library/PrivateFrameworks/OTSVG.framework/Versions/A/OTSVG
0x0000000190d21000 	/System/Library/Frameworks/ApplicationServices.framework/Versions/A/Frameworks/ATS.framework/Versions/A/Resources/libFontRegistry.dylib
0x0000000195b45000 	/System/Library/PrivateFrameworks/FontServices.framework/libhvf.dylib
0x00000001f7f4e000 	/System/Library/PrivateFrameworks/FontServices.framework/libXTFontStaticRegistryData.dylib
0x0000000209972000 	/System/Library/PrivateFrameworks/VideoToolboxParavirtualizationSupport.framework/Versions/A/VideoToolboxParavirtualizationSupport
0x0000000195532000 	/System/Library/PrivateFrameworks/AppleVA.framework/Versions/A/AppleVA
0x00000001977b9000 	/System/Library/Frameworks/ApplicationServices.framework/Versions/A/Frameworks/ATS.framework/Versions/A/ATS
0x000000018eabd000 	/System/Library/Frameworks/ApplicationServices.framework/Versions/A/Frameworks/HIServices.framework/Versions/A/HIServices
0x000000019652f000 	/System/Library/Frameworks/ApplicationServices.framework/Versions/A/Frameworks/PrintCore.framework/Versions/A/PrintCore
0x0000000197b74000 	/System/Library/Frameworks/ApplicationServices.framework/Versions/A/Frameworks/QD.framework/Versions/A/QD
0x0000000197b68000 	/System/Library/Frameworks/ApplicationServices.framework/Versions/A/Frameworks/ColorSyncLegacy.framework/Versions/A/ColorSyncLegacy
0x000000019778d000 	/System/Library/Frameworks/ApplicationServices.framework/Versions/A/Frameworks/SpeechSynthesis.framework/Versions/A/SpeechSynthesis
0x00000001964ed000 	/System/Library/Frameworks/ApplicationServices.framework/Versions/A/Frameworks/ATSUI.framework/Versions/A/ATSUI
0x0000000197afb000 	/usr/lib/libcups.2.dylib
0x0000000197ed7000 	/System/Library/Frameworks/Kerberos.framework/Versions/A/Kerberos
0x0000000197ee8000 	/System/Library/Frameworks/GSS.framework/Versions/A/GSS
0x000000019782b000 	/usr/lib/libresolv.9.dylib
0x0000000195b55000 	/System/Library/PrivateFrameworks/Heimdal.framework/Versions/A/Heimdal
0x000000019e80a000 	/System/Library/Frameworks/Kerberos.framework/Versions/A/Libraries/libHeimdalProxy.dylib
0x0000000197f38000 	/System/Library/PrivateFrameworks/CommonAuth.framework/Versions/A/CommonAuth
0x00000001d8838000 	/System/Library/Frameworks/AVFAudio.framework/Versions/A/AVFAudio
0x00000001a5988000 	/System/Library/PrivateFrameworks/AXCoreUtilities.framework/Versions/A/AXCoreUtilities
0x0000000197705000 	/System/Library/PrivateFrameworks/AudioSession.framework/Versions/A/AudioSession
0x0000000198c87000 	/System/Library/Frameworks/IOBluetooth.framework/Versions/A/IOBluetooth
0x0000000195633000 	/System/Library/PrivateFrameworks/MediaExperience.framework/Versions/A/MediaExperience
0x00000001975a0000 	/System/Library/PrivateFrameworks/AudioSession.framework/libSessionUtility.dylib
0x0000000197b80000 	/System/Library/PrivateFrameworks/AudioResourceArbitration.framework/Versions/A/AudioResourceArbitration
0x000000019bb5a000 	/System/Library/PrivateFrameworks/PowerLog.framework/Versions/A/PowerLog
0x000000019ba9d000 	/System/Library/Frameworks/CoreBluetooth.framework/Versions/A/CoreBluetooth
0x000000019e80b000 	/System/Library/Frameworks/AudioUnit.framework/Versions/A/AudioUnit
0x0000000193cb9000 	/System/Library/PrivateFrameworks/CoreUtils.framework/Versions/A/CoreUtils
0x00000001f6982000 	/System/Library/PrivateFrameworks/CoreUtilsExtras.framework/Versions/A/CoreUtilsExtras
0x00000001fb684000 	/System/Library/PrivateFrameworks/IO80211.framework/Versions/A/IO80211
0x00000001955a3000 	/System/Library/PrivateFrameworks/IconFoundation.framework/Versions/A/IconFoundation
0x000000019ab6d000 	/System/Library/PrivateFrameworks/SpeechRecognitionCore.framework/Versions/A/SpeechRecognitionCore
0x000000010980c000 	/Users/jenkins/.dogu/externals/java/lib/server/libjvm.dylib
0x00000001040e4000 	/Users/jenkins/.dogu/externals/java/lib/libjimage.dylib
0x00000001041ec000 	/Users/jenkins/.dogu/externals/java/lib/libjava.dylib
0x0000000104460000 	/Users/jenkins/.dogu/externals/java/lib/libnio.dylib
0x0000000104480000 	/Users/jenkins/.dogu/externals/java/lib/libnet.dylib
0x00000001044a4000 	/Users/jenkins/.dogu/externals/java/lib/libzip.dylib


VM Arguments:
java_command: /Users/jenkins/.dogu/externals/selenium/selenium-server.jar standalone --version
java_class_path (initial): /Users/jenkins/.dogu/externals/selenium/selenium-server.jar
Launcher Type: SUN_STANDARD

[Global flags]
     intx CICompilerCount                          = 4                                         {product} {ergonomic}
     uint ConcGCThreads                            = 2                                         {product} {ergonomic}
     uint G1ConcRefinementThreads                  = 8                                         {product} {ergonomic}
   size_t G1HeapRegionSize                         = 2097152                                   {product} {ergonomic}
    uintx GCDrainStackTargetSize                   = 64                                        {product} {ergonomic}
   size_t InitialHeapSize                          = 268435456                                 {product} {ergonomic}
   size_t MarkStackSize                            = 4194304                                   {product} {ergonomic}
   size_t MaxHeapSize                              = 4294967296                                {product} {ergonomic}
   size_t MaxNewSize                               = 2575302656                                {product} {ergonomic}
   size_t MinHeapDeltaBytes                        = 2097152                                   {product} {ergonomic}
   size_t MinHeapSize                              = 8388608                                   {product} {ergonomic}
    uintx NonNMethodCodeHeapSize                   = 5839564                                {pd product} {ergonomic}
    uintx NonProfiledCodeHeapSize                  = 122909338                              {pd product} {ergonomic}
    uintx ProfiledCodeHeapSize                     = 122909338                              {pd product} {ergonomic}
    uintx ReservedCodeCacheSize                    = 251658240                              {pd product} {ergonomic}
     bool SegmentedCodeCache                       = true                                      {product} {ergonomic}
   size_t SoftMaxHeapSize                          = 4294967296                             {manageable} {ergonomic}
     bool UseCompressedClassPointers               = true                           {product lp64_product} {ergonomic}
     bool UseCompressedOops                        = true                           {product lp64_product} {ergonomic}
     bool UseG1GC                                  = true                                      {product} {ergonomic}
     bool UseNUMA                                  = false                                     {product} {ergonomic}
     bool UseNUMAInterleaving                      = false                                     {product} {ergonomic}

Logging:
Log output configuration:
 #0: stdout all=warning uptime,level,tags
 #1: stderr all=off uptime,level,tags

Environment Variables:
JAVA_HOME=/Users/jenkins/.dogu/externals/java
PATH=/private/var/folders/09/d_9pjq2j1bz_4ml14bf5fpkh0000gn/T/xfs-5a9a969e:/Users/jenkins/projects/dogu/nm-space/projects/dost/node_modules/.bin:/private/var/folders/09/d_9pjq2j1bz_4ml14bf5fpkh0000gn/T/xfs-fe480051:/Users/jenkins/.pyenv/shims:/Users/jenkins/go/bin:/Users/jenkins/projects/dogu-cloud/env-generator/bin:/Users/jenkins/.rbenv/shims:/Users/jenkins/go/bin:/Users/jenkins/go/bin:/Users/jenkins/projects/dogu-cloud/env-generator/bin:/Users/jenkins/.rbenv/shims:/Users/jenkins/go/bin:/Users/jenkins/.nvm/versions/node/v16.20.0/bin:/Library/Frameworks/Python.framework/Versions/2.7/bin:/opt/homebrew/bin:/opt/homebrew/sbin:/usr/local/bin:/System/Cryptexes/App/usr/bin:/usr/bin:/bin:/usr/sbin:/sbin:/usr/local/go/bin:~/.dotnet/tools:/Library/Apple/usr/bin:/Library/Frameworks/Mono.framework/Versions/Current/Commands:/Users/jenkins/.cargo/bin
SHELL=/bin/zsh
LANG=en_US.UTF-8
TERM=xterm-256color
TMPDIR=/var/folders/09/d_9pjq2j1bz_4ml14bf5fpkh0000gn/T/

Active Locale:
LC_ALL=en_US.UTF-8
LC_COLLATE=en_US.UTF-8
LC_CTYPE=en_US.UTF-8
LC_MESSAGES=en_US.UTF-8
LC_MONETARY=en_US.UTF-8
LC_NUMERIC=en_US.UTF-8
LC_TIME=en_US.UTF-8

Signal Handlers:
   SIGSEGV: crash_handler in libjvm.dylib, mask=11100110000111110111111111111111, flags=SA_RESTART|SA_SIGINFO, unblocked
    SIGBUS: crash_handler in libjvm.dylib, mask=11100110000111110111111111111111, flags=SA_RESTART|SA_SIGINFO, unblocked
    SIGFPE: crash_handler in libjvm.dylib, mask=11100110000111110111111111111111, flags=SA_RESTART|SA_SIGINFO, unblocked
   SIGPIPE: javaSignalHandler in libjvm.dylib, mask=11100110000111110111111111111111, flags=SA_RESTART|SA_SIGINFO, blocked
   SIGXFSZ: javaSignalHandler in libjvm.dylib, mask=11100110000111110111111111111111, flags=SA_RESTART|SA_SIGINFO, blocked
    SIGILL: crash_handler in libjvm.dylib, mask=11100110000111110111111111111111, flags=SA_RESTART|SA_SIGINFO, unblocked
   SIGUSR2: SR_handler in libjvm.dylib, mask=00000000000000000000000000000000, flags=SA_RESTART|SA_SIGINFO, blocked
    SIGHUP: UserHandler in libjvm.dylib, mask=11100110000111110111111111111111, flags=SA_RESTART|SA_SIGINFO, blocked
    SIGINT: UserHandler in libjvm.dylib, mask=11100110000111110111111111111111, flags=SA_RESTART|SA_SIGINFO, blocked
   SIGTERM: UserHandler in libjvm.dylib, mask=11100110000111110111111111111111, flags=SA_RESTART|SA_SIGINFO, blocked
   SIGQUIT: UserHandler in libjvm.dylib, mask=11100110000111110111111111111111, flags=SA_RESTART|SA_SIGINFO, blocked
   SIGTRAP: crash_handler in libjvm.dylib, mask=11100110000111110111111111111111, flags=SA_RESTART|SA_SIGINFO, unblocked


---------------  S Y S T E M  ---------------

OS:
uname: Darwin 22.1.0 Darwin Kernel Version 22.1.0: Sun Oct  9 20:15:52 PDT 2022; root:xnu-8792.41.9~2/RELEASE_ARM64_T8112 arm64
OS uptime: 0 days 8:25 hours
rlimit (soft/hard): STACK 8176k/65520k , CORE 0k/infinity , NPROC 2666/4000 , NOFILE 10240/infinity , AS infinity/infinity , CPU infinity/infinity , DATA infinity/infinity , FSIZE infinity/infinity , MEMLOCK infinity/infinity , RSS infinity/infinity
load average: 9.93 15.37 14.78

CPU: total 8 (initial active 8) 0x61:0x0:0xda33d83d:0, fp, simd, crc, lse

Memory: 16k page, physical 16777216k(184016k free), swap 9437184k(355776k free)

vm_info: OpenJDK 64-Bit Server VM (17.0.7+7) for bsd-aarch64 JRE (17.0.7+7), built on Apr 18 2023 21:59:39 by "temurin" with clang Apple LLVM 12.0.0 (clang-1200.0.32.29)

END.
